<?xml version="1.0" encoding="UTF-8"?>
<!-- Generated by org.testng.reporters.JUnitXMLReporter -->
<testsuite hostname="LAPTOP-IK8VGAHU" failures="1" tests="2" name="DemoTest" time="14.297" errors="0" timestamp="4 Mar 2023 05:25:03 GMT">
  <testcase classname="tests.DemoTest" name="demo" time="0.017">
    <failure type="java.lang.AssertionError" message="expected [true] but found [false]">
      <![CDATA[java.lang.AssertionError: expected [true] but found [false]
	at tests.DemoTest.demo(DemoTest.java:29)
... Removed 28 stack frames]]>
    </failure>
  </testcase> <!-- demo -->
  <testcase classname="tests.DemoTest" name="testSuccess" time="0.002"/>
</testsuite> <!-- DemoTest -->
