<?xml version="1.0" encoding="UTF-8"?>
<testsuite xmlns:xsi="http://www.w3.org/2001/XMLSchema-instance" xsi:noNamespaceSchemaLocation="https://maven.apache.org/surefire/maven-surefire-plugin/xsd/surefire-test-report-3.0.xsd" version="3.0" name="TestSuite" time="14.255" tests="1" errors="0" skipped="0" failures="0">
  <properties>
[...]
</properties>
  <testcase name="runScenario[&quot;Login with valid credentials&quot;, &quot;Application Login&quot;](1)" classname="runner.Runner" time="12.479">
    <system-err><![CDATA[SLF4J: No SLF4J providers were found.
SLF4J: Defaulting to no-operation (NOP) logger implementation
SLF4J: See https://www.slf4j.org/codes.html#noProviders for further details.
1677915626196	geckodriver	INFO	Listening on 127.0.0.1:11984
1677915626682	mozrunner::runner	INFO	Running command: "C:\\Program Files\\Firefox Developer Edition\\firefox.exe" "--marionette" "--remote-debugging-port" "42256" "--remote-allow-hosts" "localhost" "--remote-allow-origins" "http://127.0.0.1:42256/,http://localhost:42256/,http://[::1]:42256/" "-no-remote" "-profile" "C:\\Users\\yases\\AppData\\Local\\Temp\\rust_mozprofileFNYZaL"
console.warn: services.settings: Ignoring preference override of remote settings server
console.warn: services.settings: Allow by setting MOZ_REMOTE_SETTINGS_DEVTOOLS=1 in the environment
1677915627097	Marionette	INFO	Marionette enabled
Dynamically enable window occlusion 0
1677915627103	Marionette	INFO	Listening on port 63036
Read port: 63036
WebDriver BiDi listening on ws://127.0.0.1:42256
1677915627292	RemoteAgent	WARN	TLS certificate errors will be ignored for this session
console.warn: SearchSettings: "get: No settings file exists, new profile?" (new NotFoundError("Could not open the file at C:\\Users\\yases\\AppData\\Local\\Temp\\rust_mozprofileFNYZaL\\search.json.mozlz4", (void 0)))
DevTools listening on ws://127.0.0.1:42256/devtools/browser/78a4a2b8-0ea1-4182-ad6d-063edd90cc67
console.warn: LoginRecipes: "Falling back to a synchronous message for: http://tutorialsninja.com."
console.warn: LoginRecipes: "Falling back to a synchronous message for: http://tutorialsninja.com."
1677915636622	RemoteAgent	INFO	Perform WebSocket upgrade for incoming connection from 127.0.0.1:63077
1677915636625	CDP	ERROR	Invalid browser preferences for CDP. Set "fission.webContentIsolationStrategy"to 0 and "fission.bfcacheInParent" to false before Firefox starts.
1677915636660	Marionette	INFO	Stopped listening on port 63036
Dynamically enable window occlusion 1
WARNING: A blocker encountered an error while we were waiting.
          Blocker:  Waiting for ping task
          Phase: TelemetryController: Waiting for pending ping activity
          State: (none)
WARNING: Error: Phase "profile-before-change" is finished, it is too late to register completion condition "OS.File: flush I/O queued before profileBeforeChange"
WARNING: addBlocker@resource://gre/modules/AsyncShutdown.sys.mjs:727:15
addBlocker@resource://gre/modules/AsyncShutdown.sys.mjs:523:26
addBlocker@resource://gre/modules/AsyncShutdown.sys.mjs:458:15
setupShutdown@resource://gre/modules/osfile/osfile_async_front.jsm:1548:28
@resource://gre/modules/osfile/osfile_async_front.jsm:1568:16
@resource://gre/modules/osfile.jsm:12:30
@resource://gre/modules/TelemetryStorage.sys.mjs:10:28
_checkPendingPings@resource://gre/modules/TelemetrySend.sys.mjs:863:17
setup@resource://gre/modules/TelemetrySend.sys.mjs:803:18
setup@resource://gre/modules/TelemetrySend.sys.mjs:241:30
setupTelemetry/this._delayedInitTask<@resource://gre/modules/TelemetryControllerParent.sys.mjs:829:36
observe@resource://gre/modules/AsyncShutdown.sys.mjs:576:16

WARNING: A blocker encountered an error while we were waiting.
          Blocker:  Waiting for ping task
          Phase: TelemetryController: Waiting for pending ping activity
          State: (none)
WARNING: Error: Phase "profile-before-change" is finished, it is too late to register completion condition "OS.File: flush I/O queued before profileBeforeChange"
WARNING: addBlocker@resource://gre/modules/AsyncShutdown.sys.mjs:727:15
addBlocker@resource://gre/modules/AsyncShutdown.sys.mjs:523:26
addBlocker@resource://gre/modules/AsyncShutdown.sys.mjs:458:15
setupShutdown@resource://gre/modules/osfile/osfile_async_front.jsm:1548:28
@resource://gre/modules/osfile/osfile_async_front.jsm:1568:16
@resource://gre/modules/osfile.jsm:12:30
@resource://gre/modules/TelemetryStorage.sys.mjs:10:28
_checkPendingPings@resource://gre/modules/TelemetrySend.sys.mjs:863:17
setup@resource://gre/modules/TelemetrySend.sys.mjs:803:18
setup@resource://gre/modules/TelemetrySend.sys.mjs:241:30
setupTelemetry/this._delayedInitTask<@resource://gre/modules/TelemetryControllerParent.sys.mjs:829:36
observe@resource://gre/modules/AsyncShutdown.sys.mjs:576:16

WARNING: A blocker encountered an error while we were waiting.
          Blocker:  Waiting for ping task
          Phase: TelemetryController: Waiting for pending ping activity
          State: (none)
WARNING: Error: Phase "profile-before-change" is finished, it is too late to register completion condition "OS.File: flush I/O queued before profileBeforeChange"
WARNING: addBlocker@resource://gre/modules/AsyncShutdown.sys.mjs:727:15
addBlocker@resource://gre/modules/AsyncShutdown.sys.mjs:523:26
addBlocker@resource://gre/modules/AsyncShutdown.sys.mjs:458:15
setupShutdown@resource://gre/modules/osfile/osfile_async_front.jsm:1548:28
@resource://gre/modules/osfile/osfile_async_front.jsm:1568:16
@resource://gre/modules/osfile.jsm:12:30
@resource://gre/modules/TelemetryStorage.sys.mjs:10:28
_checkPendingPings@resource://gre/modules/TelemetrySend.sys.mjs:863:17
setup@resource://gre/modules/TelemetrySend.sys.mjs:803:18
setup@resource://gre/modules/TelemetrySend.sys.mjs:241:30
setupTelemetry/this._delayedInitTask<@resource://gre/modules/TelemetryControllerParent.sys.mjs:829:36
observe@resource://gre/modules/AsyncShutdown.sys.mjs:576:16

WARNING: A blocker encountered an error while we were waiting.
          Blocker:  TelemetryController: shutting down
          Phase: profile-before-change-telemetry
          State: Error getting state: Error: Phase "profile-before-change" is finished, it is too late to register completion condition "OS.File: flush I/O queued before profileBeforeChange" at addBlocker@resource://gre/modules/AsyncShutdown.sys.mjs:727:15
addBlocker@resource://gre/modules/AsyncShutdown.sys.mjs:523:26
addBlocker@resource://gre/modules/AsyncShutdown.sys.mjs:458:15
setupShutdown@resource://gre/modules/osfile/osfile_async_front.jsm:1548:28
@resource://gre/modules/osfile/osfile_async_front.jsm:1568:16
@resource://gre/modules/osfile.jsm:12:30
@resource://gre/modules/TelemetryStorage.sys.mjs:10:28
_checkPendingPings@resource://gre/modules/TelemetrySend.sys.mjs:863:17
setup@resource://gre/modules/TelemetrySend.sys.mjs:803:18
setup@resource://gre/modules/TelemetrySend.sys.mjs:241:30
setupTelemetry/this._delayedInitTask<@resource://gre/modules/TelemetryControllerParent.sys.mjs:829:36
observe@resource://gre/modules/AsyncShutdown.sys.mjs:576:16

WARNING: Error: Phase "profile-before-change" is finished, it is too late to register completion condition "OS.File: flush I/O queued before profileBeforeChange"
WARNING: addBlocker@resource://gre/modules/AsyncShutdown.sys.mjs:727:15
addBlocker@resouJravaScrcipet: /e/rgrrore:/ mroedusloeusr/cAes:y/n/cgSrhuet/mdoodwunl.essy/sA.smyjnsc:5S2h3u:t2d6o
wan.dsdyBsl.omcjkse,r @lrienseo ur7c2e7::/ /Egrrer/omro:d uPlheas/sAes y"npcrSohuftidleo-wbne.fsoyrse.-mcjsh:a4n5g8e:"1 5is
 sfeitnuipsShheud,t diotw ni@sr etsooo ulractee:/ /tgor er/emgoidsutleers /coosmfplieltei/oons fciolen_diatsiyonnc_ f"rOoSn.tFi.ljes:m :f1l5u4s8h: 2I8/O
 @qrueesuoeudr cbee:f//ogrree /prmoodfuilleeBse/foosrfeiClhea/onsgfei"le
_async_front.jsm:1J5a6v8a:S1c6ri
p@tr eesroruorr:c er:e//sgoruer/cme:o/d/uglrees//moosdfuillees./jAssmy:n1c2Sh:3u0td
ow@nr.essyosu.rmcjes:/,/ lgrien/em 7o2du7l:e Es/rTreolr:e mePtharsyStorage.syse. m"jpsr:of1i0l:e2-8be
f_ocrhee-cckhPaenngdie"n giPsi nfgisn@riesshed, it is too late to regoiusrtceer: /c/gomrpel/emtoidounl ecs/oTnedlietimoent r"yOSSe.nFdile: f.lsuyshs .Im/Oj sq:ueued8 6b3e:f1o7re
 spertofuipl@erBeesfoourrecCeh:a/n/gger"e/
mJoadvualSecsr/ipTte leermreotrr:y Sreensdo.usrycse.:m/j/gsr:e8/0m3o:d1u8le
ss/eAtsuypn@crSehsuotudrocwen:./s/ygsr.em/jmso,d ulliense/ T7e2l7e:m eEtrrryoSre:n dP.hsaysse. m"jpsr:o2f4i1l:e3-0be
fsoerteu-pcThealnegmee"t riys/ tfhiinsi.s_hdeedl,a yietd Iinsi ttToaos kl<a@tree stoou rrceeg:i/s/tgerre /cmoomdpulleetsi/oTne lceomnetdriytCioonn t"rOoSl.lFeirlPea: rfelnuts.hs yIs/.Om jqsue:u8e2d9 :b3ef6or
eo bpsroefrivleeB@erfeosroeuCrhcaen:g/e/"g
rJea/vmaoSdcurliepst/ AesryrnocrS:h urtedsoowunrc.es:y/s/.gmrjes/:m5o7du6:l1e6s/
As
yncShutdown.sys.mjs, line 727: Error: Phase "profile-before-change" is finished, it is too late to register completion condition "OS.File: flush I/O queued before profileBeforeChange"
JavaScript error: resource://gre/modules/AsyncShutdown.sys.mjs, line 727: Error: Phase "profile-before-change" is finished, it is too late to register completion condition "OS.File: flush I/O queued before profileBeforeChange"
JavaScript error: resource://gre/modules/AsyncShutdown.sys.mjs, line 727: Error: Phase "profile-before-change" is finished, it is too late to register completion condition "OS.File: flush I/O queued before profileBeforeChange"
]]></system-err>
  </testcase>
</testsuite>