<?xml version="1.0" encoding="UTF-8"?>
<testng-results ignored="0" total="1" passed="1" failed="0" skipped="0">
  <reporter-output>
  </reporter-output>
  <suite started-at="2023-02-23T14:13:59 IST" name="Default suite" finished-at="2023-02-23T14:14:06 IST" duration-ms="6349">
    <groups>
    </groups>
    <test started-at="2023-02-23T14:13:59 IST" name="Default test" finished-at="2023-02-23T14:14:06 IST" duration-ms="6349">
      <class name="tests.LoginTest">
        <test-method signature="Login()[pri:0, instance:tests.LoginTest@26d9b808]" started-at="2023-02-23T14:13:59 IST" name="Login" finished-at="2023-02-23T14:14:05 IST" duration-ms="6285" status="PASS">
          <reporter-output>
          </reporter-output>
        </test-method> <!-- Login -->
      </class> <!-- tests.LoginTest -->
    </test> <!-- Default test -->
  </suite> <!-- Default suite -->
</testng-results>
