<?xml version="1.0" encoding="UTF-8"?>
<testng-results ignored="0" total="1" passed="1" failed="0" skipped="0">
  <reporter-output>
  </reporter-output>
  <suite started-at="2023-02-23T16:23:18 IST" name="Default suite" finished-at="2023-02-23T16:23:28 IST" duration-ms="9760">
    <groups>
    </groups>
    <test started-at="2023-02-23T16:23:18 IST" name="Default test" finished-at="2023-02-23T16:23:28 IST" duration-ms="9760">
      <class name="tests.LoginTest">
        <test-method signature="Login()[pri:0, instance:tests.LoginTest@449a4f23]" started-at="2023-02-23T16:23:18 IST" name="Login" finished-at="2023-02-23T16:23:27 IST" duration-ms="9558" status="PASS">
          <reporter-output>
          </reporter-output>
        </test-method> <!-- Login -->
        <test-method is-config="true" signature="closure()[pri:0, instance:tests.LoginTest@449a4f23]" started-at="2023-02-23T16:23:27 IST" name="closure" finished-at="2023-02-23T16:23:28 IST" duration-ms="120" status="PASS">
          <reporter-output>
          </reporter-output>
        </test-method> <!-- closure -->
      </class> <!-- tests.LoginTest -->
    </test> <!-- Default test -->
  </suite> <!-- Default suite -->
</testng-results>
