<?xml version="1.0" encoding="UTF-8"?>
<testng-results total="5" passed="4" failed="1" skipped="0">
  <reporter-output>
  </reporter-output>
  <suite started-at="2023-03-03T06:29:54Z" name="Suite" finished-at="2023-03-03T06:30:53Z" duration-ms="59551">
    <groups>
    </groups>
    <test started-at="2023-03-03T06:29:54Z" name="DemoTest" finished-at="2023-03-03T06:30:19Z" duration-ms="25357">
      <class name="tests.DemoTest">
        <test-method is-config="true" signature="setUp()[pri:0, instance:tests.DemoTest@61884cb1]" started-at="2023-03-03T11:59:54Z" name="setUp" finished-at="2023-03-03T12:00:07Z" duration-ms="13395" status="PASS">
          <reporter-output>
          </reporter-output>
        </test-method> <!-- setUp -->
        <test-method signature="demo()[pri:0, instance:tests.DemoTest@61884cb1]" started-at="2023-03-03T12:00:07Z" name="demo" finished-at="2023-03-03T12:00:07Z" duration-ms="34" status="FAIL">
          <exception class="java.lang.AssertionError">
            <message>
              <![CDATA[expected [true] but found [false]]]>
            </message>
            <full-stacktrace>
              <![CDATA[java.lang.AssertionError: expected [true] but found [false]
	at org.testng.Assert.fail(Assert.java:94)
	at org.testng.Assert.failNotEquals(Assert.java:496)
	at org.testng.Assert.assertTrue(Assert.java:42)
	at org.testng.Assert.assertTrue(Assert.java:52)
	at tests.DemoTest.demo(DemoTest.java:29)
	at java.base/jdk.internal.reflect.NativeMethodAccessorImpl.invoke0(Native Method)
	at java.base/jdk.internal.reflect.NativeMethodAccessorImpl.invoke(NativeMethodAccessorImpl.java:78)
	at java.base/jdk.internal.reflect.DelegatingMethodAccessorImpl.invoke(DelegatingMethodAccessorImpl.java:43)
	at java.base/java.lang.reflect.Method.invoke(Method.java:567)
	at org.testng.internal.MethodInvocationHelper.invokeMethod(MethodInvocationHelper.java:85)
	at org.testng.internal.Invoker.invokeMethod(Invoker.java:639)
	at org.testng.internal.Invoker.invokeTestMethod(Invoker.java:816)
	at org.testng.internal.Invoker.invokeTestMethods(Invoker.java:1124)
	at org.testng.internal.TestMethodWorker.invokeTestMethods(TestMethodWorker.java:125)
	at org.testng.internal.TestMethodWorker.run(TestMethodWorker.java:108)
	at org.testng.TestRunner.privateRun(TestRunner.java:774)
	at org.testng.TestRunner.run(TestRunner.java:624)
	at org.testng.SuiteRunner.runTest(SuiteRunner.java:359)
	at org.testng.SuiteRunner.runSequentially(SuiteRunner.java:354)
	at org.testng.SuiteRunner.privateRun(SuiteRunner.java:312)
	at org.testng.SuiteRunner.run(SuiteRunner.java:261)
	at org.testng.SuiteRunnerWorker.runSuite(SuiteRunnerWorker.java:52)
	at org.testng.SuiteRunnerWorker.run(SuiteRunnerWorker.java:86)
	at org.testng.TestNG.runSuitesSequentially(TestNG.java:1191)
	at org.testng.TestNG.runSuitesLocally(TestNG.java:1116)
	at org.testng.TestNG.run(TestNG.java:1024)
	at org.testng.remote.AbstractRemoteTestNG.run(AbstractRemoteTestNG.java:115)
	at org.testng.remote.RemoteTestNG.initAndRun(RemoteTestNG.java:251)
	at org.testng.remote.RemoteTestNG.main(RemoteTestNG.java:77)
]]>
            </full-stacktrace>
          </exception> <!-- java.lang.AssertionError -->
          <reporter-output>
          </reporter-output>
        </test-method> <!-- demo -->
        <test-method is-config="true" signature="closure()[pri:0, instance:tests.DemoTest@61884cb1]" started-at="2023-03-03T12:00:08Z" name="closure" finished-at="2023-03-03T12:00:10Z" duration-ms="2153" status="PASS">
          <reporter-output>
          </reporter-output>
        </test-method> <!-- closure -->
        <test-method is-config="true" signature="setUp()[pri:0, instance:tests.DemoTest@61884cb1]" started-at="2023-03-03T12:00:10Z" name="setUp" finished-at="2023-03-03T12:00:16Z" duration-ms="6130" status="PASS">
          <reporter-output>
          </reporter-output>
        </test-method> <!-- setUp -->
        <test-method signature="testSuccess()[pri:0, instance:tests.DemoTest@61884cb1]" started-at="2023-03-03T12:00:16Z" name="testSuccess" finished-at="2023-03-03T12:00:16Z" duration-ms="3" status="PASS">
          <reporter-output>
          </reporter-output>
        </test-method> <!-- testSuccess -->
        <test-method is-config="true" signature="closure()[pri:0, instance:tests.DemoTest@61884cb1]" started-at="2023-03-03T12:00:16Z" name="closure" finished-at="2023-03-03T12:00:19Z" duration-ms="3270" status="PASS">
          <reporter-output>
          </reporter-output>
        </test-method> <!-- closure -->
      </class> <!-- tests.DemoTest -->
    </test> <!-- DemoTest -->
    <test started-at="2023-03-03T06:30:20Z" name="RegisterTest" finished-at="2023-03-03T06:30:40Z" duration-ms="20575">
      <class name="tests.RegisterTest">
        <test-method is-config="true" signature="openApplication()[pri:0, instance:tests.RegisterTest@7be58f16]" started-at="2023-03-03T12:00:20Z" name="openApplication" finished-at="2023-03-03T12:00:26Z" duration-ms="5870" status="PASS">
          <reporter-output>
          </reporter-output>
        </test-method> <!-- openApplication -->
        <test-method signature="register(java.lang.String, java.lang.String, java.lang.String, java.lang.String, java.lang.String, java.lang.String)[pri:0, instance:tests.RegisterTest@7be58f16]" started-at="2023-03-03T12:00:26Z" name="register" data-provider="dataSetter" finished-at="2023-03-03T12:00:29Z" duration-ms="2880" status="PASS">
          <params>
            <param index="0">
              <value>
                <![CDATA[Nikki]]>
              </value>
            </param>
            <param index="1">
              <value>
                <![CDATA[qa]]>
              </value>
            </param>
            <param index="2">
              <value>
                <![CDATA[nikki@gmail.com]]>
              </value>
            </param>
            <param index="3">
              <value>
                <![CDATA[7869374399]]>
              </value>
            </param>
            <param index="4">
              <value>
                <![CDATA[nikki12345!]]>
              </value>
            </param>
            <param index="5">
              <value>
                <![CDATA[nikki12345!]]>
              </value>
            </param>
          </params>
          <reporter-output>
          </reporter-output>
        </test-method> <!-- register -->
        <test-method is-config="true" signature="closure()[pri:0, instance:tests.RegisterTest@7be58f16]" started-at="2023-03-03T12:00:29Z" name="closure" finished-at="2023-03-03T12:00:30Z" duration-ms="1553" status="PASS">
          <reporter-output>
          </reporter-output>
        </test-method> <!-- closure -->
        <test-method is-config="true" signature="openApplication()[pri:0, instance:tests.RegisterTest@7be58f16]" started-at="2023-03-03T12:00:30Z" name="openApplication" finished-at="2023-03-03T12:00:36Z" duration-ms="5989" status="PASS">
          <reporter-output>
          </reporter-output>
        </test-method> <!-- openApplication -->
        <test-method signature="register(java.lang.String, java.lang.String, java.lang.String, java.lang.String, java.lang.String, java.lang.String)[pri:0, instance:tests.RegisterTest@7be58f16]" started-at="2023-03-03T12:00:36Z" name="register" data-provider="dataSetter" finished-at="2023-03-03T12:00:39Z" duration-ms="2526" status="PASS">
          <params>
            <param index="0">
              <value>
                <![CDATA[yashu]]>
              </value>
            </param>
            <param index="1">
              <value>
                <![CDATA[qa]]>
              </value>
            </param>
            <param index="2">
              <value>
                <![CDATA[yashuqa001@gmail.com]]>
              </value>
            </param>
            <param index="3">
              <value>
                <![CDATA[9550573030]]>
              </value>
            </param>
            <param index="4">
              <value>
                <![CDATA[yashu12345!]]>
              </value>
            </param>
            <param index="5">
              <value>
                <![CDATA[yashu12345!]]>
              </value>
            </param>
          </params>
          <reporter-output>
          </reporter-output>
        </test-method> <!-- register -->
        <test-method is-config="true" signature="closure()[pri:0, instance:tests.RegisterTest@7be58f16]" started-at="2023-03-03T12:00:39Z" name="closure" finished-at="2023-03-03T12:00:40Z" duration-ms="1752" status="PASS">
          <reporter-output>
          </reporter-output>
        </test-method> <!-- closure -->
      </class> <!-- tests.RegisterTest -->
    </test> <!-- RegisterTest -->
    <test started-at="2023-03-03T06:30:41Z" name="LoginTest" finished-at="2023-03-03T06:30:53Z" duration-ms="12880">
      <class name="tests.LoginTest">
        <test-method is-config="true" signature="openApplication()[pri:0, instance:tests.LoginTest@207ea13]" started-at="2023-03-03T12:00:41Z" name="openApplication" finished-at="2023-03-03T12:00:47Z" duration-ms="6449" status="PASS">
          <reporter-output>
          </reporter-output>
        </test-method> <!-- openApplication -->
        <test-method signature="Login()[pri:0, instance:tests.LoginTest@207ea13]" started-at="2023-03-03T12:00:47Z" name="Login" finished-at="2023-03-03T12:00:52Z" duration-ms="4676" status="PASS">
          <reporter-output>
          </reporter-output>
        </test-method> <!-- Login -->
        <test-method is-config="true" signature="closure()[pri:0, instance:tests.LoginTest@207ea13]" started-at="2023-03-03T12:00:52Z" name="closure" finished-at="2023-03-03T12:00:53Z" duration-ms="1751" status="PASS">
          <reporter-output>
          </reporter-output>
        </test-method> <!-- closure -->
      </class> <!-- tests.LoginTest -->
    </test> <!-- LoginTest -->
  </suite> <!-- Suite -->
</testng-results>
