<?xml version="1.0" encoding="UTF-8"?>
<testng-results total="1" passed="1" failed="0" skipped="0">
  <reporter-output>
  </reporter-output>
  <suite started-at="2023-02-24T19:36:48Z" name="Default suite" finished-at="2023-02-24T19:37:02Z" duration-ms="13793">
    <groups>
    </groups>
    <test started-at="2023-02-24T19:36:48Z" name="Default test" finished-at="2023-02-24T19:37:02Z" duration-ms="13793">
      <class name="tests.LoginTest">
        <test-method is-config="true" signature="openApplication()[pri:0, instance:tests.LoginTest@74bf1791]" started-at="2023-02-25T01:06:48Z" name="openApplication" finished-at="2023-02-25T01:06:57Z" duration-ms="8557" status="PASS">
          <reporter-output>
          </reporter-output>
        </test-method> <!-- openApplication -->
        <test-method signature="Login()[pri:0, instance:tests.LoginTest@74bf1791]" started-at="2023-02-25T01:06:57Z" name="Login" finished-at="2023-02-25T01:07:01Z" duration-ms="4140" status="PASS">
          <reporter-output>
          </reporter-output>
        </test-method> <!-- Login -->
        <test-method is-config="true" signature="closure()[pri:0, instance:tests.LoginTest@74bf1791]" started-at="2023-02-25T01:07:01Z" name="closure" finished-at="2023-02-25T01:07:02Z" duration-ms="1079" status="PASS">
          <reporter-output>
          </reporter-output>
        </test-method> <!-- closure -->
      </class> <!-- tests.LoginTest -->
    </test> <!-- Default test -->
  </suite> <!-- Default suite -->
</testng-results>
