<?xml version="1.0" encoding="UTF-8"?>
<testng-results total="3" passed="3" failed="0" skipped="0">
  <reporter-output>
  </reporter-output>
  <suite started-at="2023-02-25T13:08:26Z" name="Suite" finished-at="2023-02-25T13:09:09Z" duration-ms="42759">
    <groups>
    </groups>
    <test started-at="2023-02-25T13:08:26Z" name="Test" finished-at="2023-02-25T13:09:09Z" duration-ms="42759">
      <class name="tests.LoginTest">
        <test-method is-config="true" signature="openApplication()[pri:0, instance:tests.LoginTest@1339e7aa]" started-at="2023-02-25T18:38:56Z" name="openApplication" finished-at="2023-02-25T18:39:03Z" duration-ms="7145" status="PASS">
          <reporter-output>
          </reporter-output>
        </test-method> <!-- openApplication -->
        <test-method signature="Login()[pri:0, instance:tests.LoginTest@1339e7aa]" started-at="2023-02-25T18:39:03Z" name="Login" finished-at="2023-02-25T18:39:07Z" duration-ms="4521" status="PASS">
          <reporter-output>
          </reporter-output>
        </test-method> <!-- Login -->
        <test-method is-config="true" signature="closure()[pri:0, instance:tests.LoginTest@1339e7aa]" started-at="2023-02-25T18:39:07Z" name="closure" finished-at="2023-02-25T18:39:09Z" duration-ms="1577" status="PASS">
          <reporter-output>
          </reporter-output>
        </test-method> <!-- closure -->
      </class> <!-- tests.LoginTest -->
      <class name="tests.RegisterTest">
        <test-method is-config="true" signature="openApplication()[pri:0, instance:tests.RegisterTest@38b27cdc]" started-at="2023-02-25T18:38:26Z" name="openApplication" finished-at="2023-02-25T18:38:41Z" duration-ms="15017" status="PASS">
          <reporter-output>
          </reporter-output>
        </test-method> <!-- openApplication -->
        <test-method signature="register(java.lang.String, java.lang.String, java.lang.String, java.lang.String, java.lang.String, java.lang.String)[pri:0, instance:tests.RegisterTest@38b27cdc]" started-at="2023-02-25T18:38:41Z" name="register" data-provider="dataSetter" finished-at="2023-02-25T18:38:44Z" duration-ms="2315" status="PASS">
          <params>
            <param index="0">
              <value>
                <![CDATA[Nikki]]>
              </value>
            </param>
            <param index="1">
              <value>
                <![CDATA[qa]]>
              </value>
            </param>
            <param index="2">
              <value>
                <![CDATA[nikki@gmail.com]]>
              </value>
            </param>
            <param index="3">
              <value>
                <![CDATA[7869374399]]>
              </value>
            </param>
            <param index="4">
              <value>
                <![CDATA[nikki12345!]]>
              </value>
            </param>
            <param index="5">
              <value>
                <![CDATA[nikki12345!]]>
              </value>
            </param>
          </params>
          <reporter-output>
          </reporter-output>
        </test-method> <!-- register -->
        <test-method is-config="true" signature="closure()[pri:0, instance:tests.RegisterTest@38b27cdc]" started-at="2023-02-25T18:38:44Z" name="closure" finished-at="2023-02-25T18:38:45Z" duration-ms="1606" status="PASS">
          <reporter-output>
          </reporter-output>
        </test-method> <!-- closure -->
        <test-method is-config="true" signature="openApplication()[pri:0, instance:tests.RegisterTest@38b27cdc]" started-at="2023-02-25T18:38:45Z" name="openApplication" finished-at="2023-02-25T18:38:52Z" duration-ms="6565" status="PASS">
          <reporter-output>
          </reporter-output>
        </test-method> <!-- openApplication -->
        <test-method signature="register(java.lang.String, java.lang.String, java.lang.String, java.lang.String, java.lang.String, java.lang.String)[pri:0, instance:tests.RegisterTest@38b27cdc]" started-at="2023-02-25T18:38:52Z" name="register" data-provider="dataSetter" finished-at="2023-02-25T18:38:54Z" duration-ms="2260" status="PASS">
          <params>
            <param index="0">
              <value>
                <![CDATA[yashu]]>
              </value>
            </param>
            <param index="1">
              <value>
                <![CDATA[qa]]>
              </value>
            </param>
            <param index="2">
              <value>
                <![CDATA[yashuqa001@gmail.com]]>
              </value>
            </param>
            <param index="3">
              <value>
                <![CDATA[9550573030]]>
              </value>
            </param>
            <param index="4">
              <value>
                <![CDATA[yashu12345!]]>
              </value>
            </param>
            <param index="5">
              <value>
                <![CDATA[yashu12345!]]>
              </value>
            </param>
          </params>
          <reporter-output>
          </reporter-output>
        </test-method> <!-- register -->
        <test-method is-config="true" signature="closure()[pri:0, instance:tests.RegisterTest@38b27cdc]" started-at="2023-02-25T18:38:54Z" name="closure" finished-at="2023-02-25T18:38:56Z" duration-ms="1715" status="PASS">
          <reporter-output>
          </reporter-output>
        </test-method> <!-- closure -->
      </class> <!-- tests.RegisterTest -->
    </test> <!-- Test -->
  </suite> <!-- Suite -->
</testng-results>
