<?xml version="1.0" encoding="UTF-8"?>
<testng-results ignored="0" total="1" passed="1" failed="0" skipped="0">
  <reporter-output>
  </reporter-output>
  <suite started-at="2023-02-24T23:35:32 IST" name="Suite" finished-at="2023-02-24T23:35:48 IST" duration-ms="15686">
    <groups>
    </groups>
    <test started-at="2023-02-24T23:35:32 IST" name="Test" finished-at="2023-02-24T23:35:48 IST" duration-ms="15686">
      <class name="tests.LoginTest">
        <test-method is-config="true" signature="openApplication()[pri:0, instance:tests.LoginTest@6e6f2380]" started-at="2023-02-24T23:35:32 IST" name="openApplication" finished-at="2023-02-24T23:35:42 IST" duration-ms="9974" status="PASS">
          <reporter-output>
          </reporter-output>
        </test-method> <!-- openApplication -->
        <test-method signature="Login()[pri:0, instance:tests.LoginTest@6e6f2380]" started-at="2023-02-24T23:35:42 IST" name="Login" finished-at="2023-02-24T23:35:46 IST" duration-ms="4238" status="PASS">
          <reporter-output>
          </reporter-output>
        </test-method> <!-- Login -->
        <test-method is-config="true" signature="closure()[pri:0, instance:tests.LoginTest@6e6f2380]" started-at="2023-02-24T23:35:46 IST" name="closure" finished-at="2023-02-24T23:35:48 IST" duration-ms="1385" status="PASS">
          <reporter-output>
          </reporter-output>
        </test-method> <!-- closure -->
      </class> <!-- tests.LoginTest -->
    </test> <!-- Test -->
  </suite> <!-- Suite -->
</testng-results>
