<?xml version="1.0" encoding="UTF-8"?>
<testng-results total="3" passed="3" failed="0" skipped="0">
  <reporter-output>
  </reporter-output>
  <suite started-at="2023-02-25T13:25:24Z" name="Suite" finished-at="2023-02-25T13:25:53Z" duration-ms="28727">
    <groups>
    </groups>
    <test started-at="2023-02-25T13:25:24Z" name="LoginTest" finished-at="2023-02-25T13:25:45Z" duration-ms="20316">
      <class name="tests.LoginTest">
        <test-method is-config="true" signature="openApplication()[pri:0, instance:tests.LoginTest@15713d56]" started-at="2023-02-25T18:55:25Z" name="openApplication" finished-at="2023-02-25T18:55:38Z" duration-ms="13123" status="PASS">
          <reporter-output>
          </reporter-output>
        </test-method> <!-- openApplication -->
        <test-method signature="Login()[pri:0, instance:tests.LoginTest@15713d56]" started-at="2023-02-25T18:55:38Z" name="Login" finished-at="2023-02-25T18:55:42Z" duration-ms="4854" status="PASS">
          <reporter-output>
          </reporter-output>
        </test-method> <!-- Login -->
        <test-method is-config="true" signature="closure()[pri:0, instance:tests.LoginTest@15713d56]" started-at="2023-02-25T18:55:42Z" name="closure" finished-at="2023-02-25T18:55:45Z" duration-ms="2310" status="PASS">
          <reporter-output>
          </reporter-output>
        </test-method> <!-- closure -->
      </class> <!-- tests.LoginTest -->
    </test> <!-- LoginTest -->
    <test started-at="2023-02-25T13:25:24Z" name="RegisterTest" finished-at="2023-02-25T13:25:53Z" duration-ms="28727">
      <class name="tests.RegisterTest">
        <test-method is-config="true" signature="openApplication()[pri:0, instance:tests.RegisterTest@74bf1791]" started-at="2023-02-25T18:55:25Z" name="openApplication" finished-at="2023-02-25T18:55:36Z" duration-ms="11365" status="PASS">
          <reporter-output>
          </reporter-output>
        </test-method> <!-- openApplication -->
        <test-method signature="register(java.lang.String, java.lang.String, java.lang.String, java.lang.String, java.lang.String, java.lang.String)[pri:0, instance:tests.RegisterTest@74bf1791]" started-at="2023-02-25T18:55:36Z" name="register" data-provider="dataSetter" finished-at="2023-02-25T18:55:39Z" duration-ms="3160" status="PASS">
          <params>
            <param index="0">
              <value>
                <![CDATA[Nikki]]>
              </value>
            </param>
            <param index="1">
              <value>
                <![CDATA[qa]]>
              </value>
            </param>
            <param index="2">
              <value>
                <![CDATA[nikki@gmail.com]]>
              </value>
            </param>
            <param index="3">
              <value>
                <![CDATA[7869374399]]>
              </value>
            </param>
            <param index="4">
              <value>
                <![CDATA[nikki12345!]]>
              </value>
            </param>
            <param index="5">
              <value>
                <![CDATA[nikki12345!]]>
              </value>
            </param>
          </params>
          <reporter-output>
          </reporter-output>
        </test-method> <!-- register -->
        <test-method is-config="true" signature="closure()[pri:0, instance:tests.RegisterTest@74bf1791]" started-at="2023-02-25T18:55:39Z" name="closure" finished-at="2023-02-25T18:55:41Z" duration-ms="1530" status="PASS">
          <reporter-output>
          </reporter-output>
        </test-method> <!-- closure -->
        <test-method is-config="true" signature="openApplication()[pri:0, instance:tests.RegisterTest@74bf1791]" started-at="2023-02-25T18:55:41Z" name="openApplication" finished-at="2023-02-25T18:55:49Z" duration-ms="8751" status="PASS">
          <reporter-output>
          </reporter-output>
        </test-method> <!-- openApplication -->
        <test-method signature="register(java.lang.String, java.lang.String, java.lang.String, java.lang.String, java.lang.String, java.lang.String)[pri:0, instance:tests.RegisterTest@74bf1791]" started-at="2023-02-25T18:55:49Z" name="register" data-provider="dataSetter" finished-at="2023-02-25T18:55:52Z" duration-ms="2297" status="PASS">
          <params>
            <param index="0">
              <value>
                <![CDATA[yashu]]>
              </value>
            </param>
            <param index="1">
              <value>
                <![CDATA[qa]]>
              </value>
            </param>
            <param index="2">
              <value>
                <![CDATA[yashuqa001@gmail.com]]>
              </value>
            </param>
            <param index="3">
              <value>
                <![CDATA[9550573030]]>
              </value>
            </param>
            <param index="4">
              <value>
                <![CDATA[yashu12345!]]>
              </value>
            </param>
            <param index="5">
              <value>
                <![CDATA[yashu12345!]]>
              </value>
            </param>
          </params>
          <reporter-output>
          </reporter-output>
        </test-method> <!-- register -->
        <test-method is-config="true" signature="closure()[pri:0, instance:tests.RegisterTest@74bf1791]" started-at="2023-02-25T18:55:52Z" name="closure" finished-at="2023-02-25T18:55:53Z" duration-ms="1590" status="PASS">
          <reporter-output>
          </reporter-output>
        </test-method> <!-- closure -->
      </class> <!-- tests.RegisterTest -->
    </test> <!-- RegisterTest -->
  </suite> <!-- Suite -->
</testng-results>
